<?xml version="1.0" encoding="UTF-8"?>
<robot generator="Robot 7.0.1 (Python 3.12.4 on win32)" generated="2024-07-16T09:29:43.082221" rpa="false" schemaversion="5">
<suite id="s1" name="Login" source="C:\Projetos\API\Academy-Suits\tests\login.robot">
<test id="s1-t1" name="Cenário de teste: Login de acesso" line="6">
<kw name="Create API Session" owner="recursos">
<kw name="Create Dictionary" owner="BuiltIn">
<msg time="2024-07-16T09:29:43.534628" level="INFO">${headers} = {'accept': 'application/json', 'Content-Type': 'application/json'}</msg>
<var>${headers}</var>
<arg>accept=application/json</arg>
<arg>Content-Type=application/json</arg>
<doc>Creates and returns a dictionary based on the given ``items``.</doc>
<status status="PASS" start="2024-07-16T09:29:43.534628" elapsed="0.000000"/>
</kw>
<kw name="Create Session" owner="RequestsLibrary">
<msg time="2024-07-16T09:29:43.534628" level="INFO">Creating Session using : alias=APISuits, url=https://Suits.qacoders-academy.com.br, headers={'accept': 'application/json', 'Content-Type': 'application/json'},                     cookies={}, auth=None, timeout=None, proxies=None, verify=False,                     debug=0 </msg>
<arg>alias=APISuits</arg>
<arg>url=https://Suits.qacoders-academy.com.br</arg>
<arg>headers=${headers}</arg>
<doc>Create Session: create a HTTP session to a server</doc>
<status status="PASS" start="2024-07-16T09:29:43.534628" elapsed="0.001001"/>
</kw>
<status status="PASS" start="2024-07-16T09:29:43.533618" elapsed="0.002011"/>
</kw>
<kw name="Login de acesso" owner="recursos">
<kw name="Create Dictionary" owner="BuiltIn">
<msg time="2024-07-16T09:29:43.535629" level="INFO">${body} = {'mail': 'sysadmin@qacoders.com', 'password': '1234@Test'}</msg>
<var>${body}</var>
<arg>mail=${Emaillogin}</arg>
<arg>password=${Passwordlogin}</arg>
<doc>Creates and returns a dictionary based on the given ``items``.</doc>
<status status="PASS" start="2024-07-16T09:29:43.535629" elapsed="0.000000"/>
</kw>
<kw name="Log" owner="BuiltIn">
<msg time="2024-07-16T09:29:43.536629" level="INFO">{'mail': 'sysadmin@qacoders.com', 'password': '1234@Test'}</msg>
<arg>${body}</arg>
<doc>Logs the given message with the given level.</doc>
<status status="PASS" start="2024-07-16T09:29:43.536629" elapsed="0.000000"/>
</kw>
<kw name="Create API Session" owner="recursos">
<kw name="Create Dictionary" owner="BuiltIn">
<msg time="2024-07-16T09:29:43.536629" level="INFO">${headers} = {'accept': 'application/json', 'Content-Type': 'application/json'}</msg>
<var>${headers}</var>
<arg>accept=application/json</arg>
<arg>Content-Type=application/json</arg>
<doc>Creates and returns a dictionary based on the given ``items``.</doc>
<status status="PASS" start="2024-07-16T09:29:43.536629" elapsed="0.000000"/>
</kw>
<kw name="Create Session" owner="RequestsLibrary">
<msg time="2024-07-16T09:29:43.536629" level="INFO">Creating Session using : alias=APISuits, url=https://Suits.qacoders-academy.com.br, headers={'accept': 'application/json', 'Content-Type': 'application/json'},                     cookies={}, auth=None, timeout=None, proxies=None, verify=False,                     debug=0 </msg>
<arg>alias=APISuits</arg>
<arg>url=https://Suits.qacoders-academy.com.br</arg>
<arg>headers=${headers}</arg>
<doc>Create Session: create a HTTP session to a server</doc>
<status status="PASS" start="2024-07-16T09:29:43.536629" elapsed="0.001001"/>
</kw>
<status status="PASS" start="2024-07-16T09:29:43.536629" elapsed="0.001001"/>
</kw>
<kw name="POST On Session" owner="RequestsLibrary">
<msg time="2024-07-16T09:29:46.786745" level="INFO">POST Request : url=https://suits.qacoders-academy.com.br/api/login 
 path_url=/api/login 
 headers={'User-Agent': 'python-requests/2.32.3', 'Accept-Encoding': 'gzip, deflate', 'accept': 'application/json', 'Connection': 'keep-alive', 'Content-Type': 'application/json', 'Content-Length': '58'} 
 body=b'{"mail": "sysadmin@qacoders.com", "password": "1234@Test"}' 
 </msg>
<msg time="2024-07-16T09:29:46.786745" level="INFO">POST Response : url=https://suits.qacoders-academy.com.br/api/login 
 status=200, reason=OK 
 headers={'Server': 'nginx/1.18.0 (Ubuntu)', 'Date': 'Tue, 16 Jul 2024 12:30:27 GMT', 'Content-Type': 'application/json; charset=utf-8', 'Transfer-Encoding': 'chunked', 'Connection': 'keep-alive', 'X-Powered-By': 'Express', 'Access-Control-Allow-Origin': '*', 'Access-Control-Allow-Methods': 'GET, POST, OPTIONS, PUT, PATCH, DELETE', 'Access-Control-Allow-Headers': 'Origin, X-Requested-With, Content-Type, Accept, Authorization', 'ETag': 'W/"534-07e9Lgy7Uz/YvCocEU/kPiQHz8o"', 'Content-Encoding': 'gzip'} 
 body={"msg":"Olá Qa-Coders-SYSADMIN, autenticação autorizada com sucesso!","user":{"_id":"65330b9c418402904ec7a7de","fullName":"Qa-Coders-SYSADMIN","mail":"sysadmin@qacoders.com","password":"$2b$10$70ZlbM9F6o3NwEk618mEXukrs7p7Ir3Y.GhHbqOgZ2CrpEfcomR3O","accessProfile":"SYSADMIN","cpf":"11111111111","status":true,"audit":[{"registeredBy":{"userId":"111111111111111111","userLogin":"sysadmin@qacoders.com"},"registrationDate":"sexta-feira, 20/10/2023, 20:22:04 BRT","registrationNumber":"01","companyId":"Qa.Coders","_id":"65330b9c418402904ec7a7df"}],"__v":0},"token":"eyJhbGciOiJIUzI1NiIsInR5cCI6IkpXVCJ9.eyJfaWQiOiI2NTMzMGI5YzQxODQwMjkwNGVjN2E3ZGUiLCJmdWxsTmFtZSI6IlFhLUNvZGVycy1TWVNBRE1JTiIsIm1haWwiOiJzeXNhZG1pbkBxYWNvZGVycy5jb20iLCJwYXNzd29yZCI6IiQyYiQxMCQ3MFpsYk05RjZvM053RWs2MThtRVh1a3JzN3A3SXIzWS5HaEhicU9nWjJDcnBFZmNvbVIzTyIsImFjY2Vzc1Byb2ZpbGUiOiJTWVNBRE1JTiIsImNwZiI6IjExMTExMTExMTExIiwic3RhdHVzIjp0cnVlLCJhdWRpdCI6W3sicmVnaXN0ZXJlZEJ5Ijp7InVzZXJJZCI6IjExMTExMTExMTExMTExMTExMSIsInVzZXJMb2dpbiI6InN5c2FkbWluQHFhY29kZXJzLmNvbSJ9LCJyZWdpc3RyYXRpb25EYXRlIjoic2V4dGEtZmVpcmEsIDIwLzEwLzIwMjMsIDIwOjIyOjA0IEJSVCIsInJlZ2lzdHJhdGlvbk51bWJlciI6IjAxIiwiY29tcGFueUlkIjoiUWEuQ29kZXJzIiwiX2lkIjoiNjUzMzBiOWM0MTg0MDI5MDRlYzdhN2RmIn1dLCJfX3YiOjAsImlhdCI6MTcyMTEzMzAyNywiZXhwIjoxNzIxMjE5NDI3fQ.N-4Ii8ZFY4fODe0KA51b5nsNEqa0rfUWwvUwvCOHFSI"} 
 </msg>
<msg time="2024-07-16T09:29:46.787744" level="INFO">C:\Users\Usuario\AppData\Local\Programs\Python\Python312\Lib\site-packages\urllib3\connectionpool.py:1103: InsecureRequestWarning: Unverified HTTPS request is being made to host 'suits.qacoders-academy.com.br'. Adding certificate verification is strongly advised. See: https://urllib3.readthedocs.io/en/latest/advanced-usage.html#tls-warnings
  warnings.warn(</msg>
<msg time="2024-07-16T09:29:46.787744" level="INFO">${response} = &lt;Response [200]&gt;</msg>
<var>${response}</var>
<arg>alias=APISuits</arg>
<arg>url=/api/login</arg>
<arg>json=${body}</arg>
<doc>Sends a POST request on a previously created HTTP Session.</doc>
<status status="PASS" start="2024-07-16T09:29:43.537630" elapsed="3.250114"/>
</kw>
<kw name="Log" owner="BuiltIn">
<msg time="2024-07-16T09:29:46.788745" level="INFO">{'msg': 'Olá Qa-Coders-SYSADMIN, autenticação autorizada com sucesso!', 'user': {'_id': '65330b9c418402904ec7a7de', 'fullName': 'Qa-Coders-SYSADMIN', 'mail': 'sysadmin@qacoders.com', 'password': '$2b$10$70ZlbM9F6o3NwEk618mEXukrs7p7Ir3Y.GhHbqOgZ2CrpEfcomR3O', 'accessProfile': 'SYSADMIN', 'cpf': '11111111111', 'status': True, 'audit': [{'registeredBy': {'userId': '111111111111111111', 'userLogin': 'sysadmin@qacoders.com'}, 'registrationDate': 'sexta-feira, 20/10/2023, 20:22:04 BRT', 'registrationNumber': '01', 'companyId': 'Qa.Coders', '_id': '65330b9c418402904ec7a7df'}], '__v': 0}, 'token': 'eyJhbGciOiJIUzI1NiIsInR5cCI6IkpXVCJ9.eyJfaWQiOiI2NTMzMGI5YzQxODQwMjkwNGVjN2E3ZGUiLCJmdWxsTmFtZSI6IlFhLUNvZGVycy1TWVNBRE1JTiIsIm1haWwiOiJzeXNhZG1pbkBxYWNvZGVycy5jb20iLCJwYXNzd29yZCI6IiQyYiQxMCQ3MFpsYk05RjZvM053RWs2MThtRVh1a3JzN3A3SXIzWS5HaEhicU9nWjJDcnBFZmNvbVIzTyIsImFjY2Vzc1Byb2ZpbGUiOiJTWVNBRE1JTiIsImNwZiI6IjExMTExMTExMTExIiwic3RhdHVzIjp0cnVlLCJhdWRpdCI6W3sicmVnaXN0ZXJlZEJ5Ijp7InVzZXJJZCI6IjExMTExMTExMTExMTExMTExMSIsInVzZXJMb2dpbiI6InN5c2FkbWluQHFhY29kZXJzLmNvbSJ9LCJyZWdpc3RyYXRpb25EYXRlIjoic2V4dGEtZmVpcmEsIDIwLzEwLzIwMjMsIDIwOjIyOjA0IEJSVCIsInJlZ2lzdHJhdGlvbk51bWJlciI6IjAxIiwiY29tcGFueUlkIjoiUWEuQ29kZXJzIiwiX2lkIjoiNjUzMzBiOWM0MTg0MDI5MDRlYzdhN2RmIn1dLCJfX3YiOjAsImlhdCI6MTcyMTEzMzAyNywiZXhwIjoxNzIxMjE5NDI3fQ.N-4Ii8ZFY4fODe0KA51b5nsNEqa0rfUWwvUwvCOHFSI'}</msg>
<arg>${response.json()}</arg>
<doc>Logs the given message with the given level.</doc>
<status status="PASS" start="2024-07-16T09:29:46.787744" elapsed="0.001001"/>
</kw>
<kw name="Set Test Variable" owner="BuiltIn">
<msg time="2024-07-16T09:29:46.788745" level="INFO">${TOKEN} = eyJhbGciOiJIUzI1NiIsInR5cCI6IkpXVCJ9.eyJfaWQiOiI2NTMzMGI5YzQxODQwMjkwNGVjN2E3ZGUiLCJmdWxsTmFtZSI6IlFhLUNvZGVycy1TWVNBRE1JTiIsIm1haWwiOiJzeXNhZG1pbkBxYWNvZGVycy5jb20iLCJwYXNzd29yZCI6IiQyYiQxMCQ3MFpsYk0...</msg>
<arg>${TOKEN}</arg>
<arg>${response.json()["token"]}</arg>
<doc>Makes a variable available everywhere within the scope of the current test.</doc>
<status status="PASS" start="2024-07-16T09:29:46.788745" elapsed="0.000000"/>
</kw>
<status status="PASS" start="2024-07-16T09:29:43.535629" elapsed="3.253116"/>
</kw>
<kw name="Validar o token e gravar em um headers de autorização" owner="recursos">
<kw name="Create Dictionary" owner="BuiltIn">
<msg time="2024-07-16T09:29:46.789746" level="INFO">${headers} = {'Authorization': 'Bearer eyJhbGciOiJIUzI1NiIsInR5cCI6IkpXVCJ9.eyJfaWQiOiI2NTMzMGI5YzQxODQwMjkwNGVjN2E3ZGUiLCJmdWxsTmFtZSI6IlFhLUNvZGVycy1TWVNBRE1JTiIsIm1haWwiOiJzeXNhZG1pbkBxYWNvZGVycy5jb20iLCJwYXNzd...</msg>
<var>${headers}</var>
<arg>Authorization=Bearer ${TOKEN}</arg>
<doc>Creates and returns a dictionary based on the given ``items``.</doc>
<status status="PASS" start="2024-07-16T09:29:46.789746" elapsed="0.000000"/>
</kw>
<kw name="GET On Session" owner="RequestsLibrary">
<msg time="2024-07-16T09:29:46.806834" level="INFO">GET Request : url=https://suits.qacoders-academy.com.br/api/validateToken 
 path_url=/api/validateToken 
 headers={'User-Agent': 'python-requests/2.32.3', 'Accept-Encoding': 'gzip, deflate', 'accept': 'application/json', 'Connection': 'keep-alive', 'Content-Type': 'application/json', 'Authorization': 'Bearer eyJhbGciOiJIUzI1NiIsInR5cCI6IkpXVCJ9.eyJfaWQiOiI2NTMzMGI5YzQxODQwMjkwNGVjN2E3ZGUiLCJmdWxsTmFtZSI6IlFhLUNvZGVycy1TWVNBRE1JTiIsIm1haWwiOiJzeXNhZG1pbkBxYWNvZGVycy5jb20iLCJwYXNzd29yZCI6IiQyYiQxMCQ3MFpsYk05RjZvM053RWs2MThtRVh1a3JzN3A3SXIzWS5HaEhicU9nWjJDcnBFZmNvbVIzTyIsImFjY2Vzc1Byb2ZpbGUiOiJTWVNBRE1JTiIsImNwZiI6IjExMTExMTExMTExIiwic3RhdHVzIjp0cnVlLCJhdWRpdCI6W3sicmVnaXN0ZXJlZEJ5Ijp7InVzZXJJZCI6IjExMTExMTExMTExMTExMTExMSIsInVzZXJMb2dpbiI6InN5c2FkbWluQHFhY29kZXJzLmNvbSJ9LCJyZWdpc3RyYXRpb25EYXRlIjoic2V4dGEtZmVpcmEsIDIwLzEwLzIwMjMsIDIwOjIyOjA0IEJSVCIsInJlZ2lzdHJhdGlvbk51bWJlciI6IjAxIiwiY29tcGFueUlkIjoiUWEuQ29kZXJzIiwiX2lkIjoiNjUzMzBiOWM0MTg0MDI5MDRlYzdhN2RmIn1dLCJfX3YiOjAsImlhdCI6MTcyMTEzMzAyNywiZXhwIjoxNzIxMjE5NDI3fQ.N-4Ii8ZFY4fODe0KA51b5nsNEqa0rfUWwvUwvCOHFSI'} 
 body=None 
 </msg>
<msg time="2024-07-16T09:29:46.806834" level="INFO">GET Response : url=https://suits.qacoders-academy.com.br/api/validateToken 
 status=200, reason=OK 
 headers={'Server': 'nginx/1.18.0 (Ubuntu)', 'Date': 'Tue, 16 Jul 2024 12:30:27 GMT', 'Content-Type': 'application/json; charset=utf-8', 'Content-Length': '15', 'Connection': 'keep-alive', 'X-Powered-By': 'Express', 'Access-Control-Allow-Origin': '*', 'Access-Control-Allow-Methods': 'GET, POST, OPTIONS, PUT, PATCH, DELETE', 'Access-Control-Allow-Headers': 'Origin, X-Requested-With, Content-Type, Accept, Authorization', 'ETag': 'W/"f-z+y5G3b6F1BDJ1A7U6QoI6VUcbI"'} 
 body={"valid":false} 
 </msg>
<msg time="2024-07-16T09:29:46.806834" level="INFO">C:\Users\Usuario\AppData\Local\Programs\Python\Python312\Lib\site-packages\urllib3\connectionpool.py:1103: InsecureRequestWarning: Unverified HTTPS request is being made to host 'suits.qacoders-academy.com.br'. Adding certificate verification is strongly advised. See: https://urllib3.readthedocs.io/en/latest/advanced-usage.html#tls-warnings
  warnings.warn(</msg>
<msg time="2024-07-16T09:29:46.806834" level="INFO">${response} = &lt;Response [200]&gt;</msg>
<var>${response}</var>
<arg>alias=APISuits</arg>
<arg>url=/api/validateToken</arg>
<arg>headers=${headers}</arg>
<doc>Sends a GET request on a previously created HTTP Session.</doc>
<status status="PASS" start="2024-07-16T09:29:46.789746" elapsed="0.017088"/>
</kw>
<kw name="Log" owner="BuiltIn">
<msg time="2024-07-16T09:29:46.807832" level="INFO">{"valid":false}</msg>
<arg>${response.content}</arg>
<doc>Logs the given message with the given level.</doc>
<status status="PASS" start="2024-07-16T09:29:46.806834" elapsed="0.000998"/>
</kw>
<kw name="Log" owner="BuiltIn">
<msg time="2024-07-16T09:29:46.807832" level="INFO">eyJhbGciOiJIUzI1NiIsInR5cCI6IkpXVCJ9.eyJfaWQiOiI2NTMzMGI5YzQxODQwMjkwNGVjN2E3ZGUiLCJmdWxsTmFtZSI6IlFhLUNvZGVycy1TWVNBRE1JTiIsIm1haWwiOiJzeXNhZG1pbkBxYWNvZGVycy5jb20iLCJwYXNzd29yZCI6IiQyYiQxMCQ3MFpsYk05RjZvM053RWs2MThtRVh1a3JzN3A3SXIzWS5HaEhicU9nWjJDcnBFZmNvbVIzTyIsImFjY2Vzc1Byb2ZpbGUiOiJTWVNBRE1JTiIsImNwZiI6IjExMTExMTExMTExIiwic3RhdHVzIjp0cnVlLCJhdWRpdCI6W3sicmVnaXN0ZXJlZEJ5Ijp7InVzZXJJZCI6IjExMTExMTExMTExMTExMTExMSIsInVzZXJMb2dpbiI6InN5c2FkbWluQHFhY29kZXJzLmNvbSJ9LCJyZWdpc3RyYXRpb25EYXRlIjoic2V4dGEtZmVpcmEsIDIwLzEwLzIwMjMsIDIwOjIyOjA0IEJSVCIsInJlZ2lzdHJhdGlvbk51bWJlciI6IjAxIiwiY29tcGFueUlkIjoiUWEuQ29kZXJzIiwiX2lkIjoiNjUzMzBiOWM0MTg0MDI5MDRlYzdhN2RmIn1dLCJfX3YiOjAsImlhdCI6MTcyMTEzMzAyNywiZXhwIjoxNzIxMjE5NDI3fQ.N-4Ii8ZFY4fODe0KA51b5nsNEqa0rfUWwvUwvCOHFSI</msg>
<arg>${TOKEN}</arg>
<doc>Logs the given message with the given level.</doc>
<status status="PASS" start="2024-07-16T09:29:46.807832" elapsed="0.000000"/>
</kw>
<status status="PASS" start="2024-07-16T09:29:46.789746" elapsed="0.018086"/>
</kw>
<status status="PASS" start="2024-07-16T09:29:43.533618" elapsed="3.274214"/>
</test>
<status status="PASS" start="2024-07-16T09:29:43.083401" elapsed="3.725730"/>
</suite>
<statistics>
<total>
<stat pass="1" fail="0" skip="0">All Tests</stat>
</total>
<tag>
</tag>
<suite>
<stat pass="1" fail="0" skip="0" id="s1" name="Login">Login</stat>
</suite>
</statistics>
<errors>
</errors>
</robot>
